2021-09-09 00:14:39,702 WARN HikariPool-1 - Thread starvation or clock leap detected (housekeeper delta=15m43s541ms).

2021-09-09 02:16:35,759 WARN HikariPool-1 - Thread starvation or clock leap detected (housekeeper delta=2h26s18ms).

2021-09-09 02:48:28,470 WARN HikariPool-1 - Thread starvation or clock leap detected (housekeeper delta=30m52s678ms).

2021-09-09 02:49:55,059 WARN clearConfigHistory start

2021-09-09 02:49:55,109 INFO [capacityManagement] start correct usage

2021-09-09 02:49:55,114 INFO [capacityManagement] end correct usage, cost: 0s

2021-09-09 03:17:50,771 WARN HikariPool-1 - Thread starvation or clock leap detected (housekeeper delta=27m52s261ms).

2021-09-09 04:14:18,347 WARN HikariPool-1 - Thread starvation or clock leap detected (housekeeper delta=55m27s553ms).

2021-09-09 04:31:17,521 WARN HikariPool-1 - Thread starvation or clock leap detected (housekeeper delta=15m28s956ms).

2021-09-09 04:49:03,163 WARN HikariPool-1 - Thread starvation or clock leap detected (housekeeper delta=17m15s618ms).

2021-09-09 05:18:07,481 WARN HikariPool-1 - Thread starvation or clock leap detected (housekeeper delta=27m34s331ms).

2021-09-09 05:50:55,883 WARN HikariPool-1 - Thread starvation or clock leap detected (housekeeper delta=31m48s387ms).

2021-09-09 05:52:22,294 WARN clearConfigHistory start

2021-09-09 05:52:22,342 INFO [capacityManagement] start correct usage

2021-09-09 05:52:22,346 INFO [capacityManagement] end correct usage, cost: 0s

2021-09-09 07:52:52,706 WARN HikariPool-1 - Thread starvation or clock leap detected (housekeeper delta=2h26s797ms).

2021-09-09 08:41:16,271 WARN HikariPool-1 - Thread starvation or clock leap detected (housekeeper delta=47m23s554ms).

2021-09-09 09:23:05,512 WARN HikariPool-1 - Thread starvation or clock leap detected (housekeeper delta=40m49s228ms).

2021-09-09 09:29:31,844 WARN clearConfigHistory start

2021-09-09 09:29:31,893 INFO [capacityManagement] start correct usage

2021-09-09 09:29:31,896 INFO [capacityManagement] end correct usage, cost: 0s

2021-09-09 09:39:31,837 WARN clearConfigHistory start

2021-09-09 09:39:31,886 INFO [capacityManagement] start correct usage

2021-09-09 09:39:31,889 INFO [capacityManagement] end correct usage, cost: 0s

2021-09-09 09:49:31,844 WARN clearConfigHistory start

2021-09-09 09:49:31,894 INFO [capacityManagement] start correct usage

2021-09-09 09:49:31,899 INFO [capacityManagement] end correct usage, cost: 0s

2021-09-09 09:59:31,864 WARN clearConfigHistory start

2021-09-09 09:59:31,944 INFO [capacityManagement] start correct usage

2021-09-09 09:59:31,947 INFO [capacityManagement] end correct usage, cost: 0s

2021-09-09 10:09:31,867 WARN clearConfigHistory start

2021-09-09 10:09:31,945 INFO [capacityManagement] start correct usage

2021-09-09 10:09:31,948 INFO [capacityManagement] end correct usage, cost: 0s

2021-09-09 10:19:31,877 WARN clearConfigHistory start

2021-09-09 10:19:31,957 INFO [capacityManagement] start correct usage

2021-09-09 10:19:31,960 INFO [capacityManagement] end correct usage, cost: 0s

2021-09-09 10:29:31,866 WARN clearConfigHistory start

2021-09-09 10:29:31,947 INFO [capacityManagement] start correct usage

2021-09-09 10:29:31,950 INFO [capacityManagement] end correct usage, cost: 0s

2021-09-09 10:39:31,870 WARN clearConfigHistory start

2021-09-09 10:39:31,951 INFO [capacityManagement] start correct usage

2021-09-09 10:39:31,954 INFO [capacityManagement] end correct usage, cost: 0s

2021-09-09 10:49:31,881 WARN clearConfigHistory start

2021-09-09 10:49:31,964 INFO [capacityManagement] start correct usage

2021-09-09 10:49:31,967 INFO [capacityManagement] end correct usage, cost: 0s

2021-09-09 10:59:31,879 WARN clearConfigHistory start

2021-09-09 10:59:31,962 INFO [capacityManagement] start correct usage

2021-09-09 10:59:31,964 INFO [capacityManagement] end correct usage, cost: 0s

2021-09-09 11:09:31,831 WARN clearConfigHistory start

2021-09-09 11:09:31,913 INFO [capacityManagement] start correct usage

2021-09-09 11:09:31,915 INFO [capacityManagement] end correct usage, cost: 0s

2021-09-09 11:19:31,837 WARN clearConfigHistory start

2021-09-09 11:19:31,919 INFO [capacityManagement] start correct usage

2021-09-09 11:19:31,922 INFO [capacityManagement] end correct usage, cost: 0s

2021-09-09 11:29:31,813 WARN clearConfigHistory start

2021-09-09 11:29:31,883 INFO [capacityManagement] start correct usage

2021-09-09 11:29:31,886 INFO [capacityManagement] end correct usage, cost: 0s

2021-09-09 11:39:31,692 WARN clearConfigHistory start

2021-09-09 11:39:31,760 INFO [capacityManagement] start correct usage

2021-09-09 11:39:31,765 INFO [capacityManagement] end correct usage, cost: 0s

2021-09-09 11:46:00,676 WARN HikariPool-1 - Thread starvation or clock leap detected (housekeeper delta=5m24s542ms).

2021-09-09 11:54:26,274 WARN clearConfigHistory start

2021-09-09 11:54:26,344 INFO [capacityManagement] start correct usage

2021-09-09 11:54:26,348 INFO [capacityManagement] end correct usage, cost: 0s

2021-09-09 12:02:44,725 WARN HikariPool-1 - Thread starvation or clock leap detected (housekeeper delta=2m13s892ms).

2021-09-09 12:06:10,140 WARN clearConfigHistory start

2021-09-09 12:06:10,211 INFO [capacityManagement] start correct usage

2021-09-09 12:06:10,215 INFO [capacityManagement] end correct usage, cost: 0s

2021-09-09 12:16:10,127 WARN clearConfigHistory start

2021-09-09 12:16:10,191 INFO [capacityManagement] start correct usage

2021-09-09 12:16:10,195 INFO [capacityManagement] end correct usage, cost: 0s

2021-09-09 12:26:10,090 WARN clearConfigHistory start

2021-09-09 12:26:10,161 INFO [capacityManagement] start correct usage

2021-09-09 12:26:10,164 INFO [capacityManagement] end correct usage, cost: 0s

2021-09-09 12:36:10,089 WARN clearConfigHistory start

2021-09-09 12:36:10,159 INFO [capacityManagement] start correct usage

2021-09-09 12:36:10,162 INFO [capacityManagement] end correct usage, cost: 0s

2021-09-09 12:46:10,082 WARN clearConfigHistory start

2021-09-09 12:46:10,151 INFO [capacityManagement] start correct usage

2021-09-09 12:46:10,153 INFO [capacityManagement] end correct usage, cost: 0s

2021-09-09 12:56:10,056 WARN clearConfigHistory start

2021-09-09 12:56:10,118 INFO [capacityManagement] start correct usage

2021-09-09 12:56:10,121 INFO [capacityManagement] end correct usage, cost: 0s

2021-09-09 13:06:10,045 WARN clearConfigHistory start

2021-09-09 13:06:10,103 INFO [capacityManagement] start correct usage

2021-09-09 13:06:10,107 INFO [capacityManagement] end correct usage, cost: 0s

2021-09-09 13:16:09,995 WARN clearConfigHistory start

2021-09-09 13:16:10,053 INFO [capacityManagement] start correct usage

2021-09-09 13:16:10,056 INFO [capacityManagement] end correct usage, cost: 0s

2021-09-09 13:26:09,967 WARN clearConfigHistory start

2021-09-09 13:26:10,022 INFO [capacityManagement] start correct usage

2021-09-09 13:26:10,027 INFO [capacityManagement] end correct usage, cost: 0s

2021-09-09 13:36:09,954 WARN clearConfigHistory start

2021-09-09 13:36:10,009 INFO [capacityManagement] start correct usage

2021-09-09 13:36:10,012 INFO [capacityManagement] end correct usage, cost: 0s

2021-09-09 13:46:10,044 WARN clearConfigHistory start

2021-09-09 13:46:10,097 INFO [capacityManagement] start correct usage

2021-09-09 13:46:10,100 INFO [capacityManagement] end correct usage, cost: 0s

2021-09-09 13:56:10,209 WARN clearConfigHistory start

2021-09-09 13:56:10,258 INFO [capacityManagement] start correct usage

2021-09-09 13:56:10,261 INFO [capacityManagement] end correct usage, cost: 0s

2021-09-09 14:06:10,221 WARN clearConfigHistory start

2021-09-09 14:06:10,271 INFO [capacityManagement] start correct usage

2021-09-09 14:06:10,273 INFO [capacityManagement] end correct usage, cost: 0s

2021-09-09 14:16:10,220 WARN clearConfigHistory start

2021-09-09 14:16:10,267 INFO [capacityManagement] start correct usage

2021-09-09 14:16:10,270 INFO [capacityManagement] end correct usage, cost: 0s

2021-09-09 14:26:10,216 WARN clearConfigHistory start

2021-09-09 14:26:10,261 INFO [capacityManagement] start correct usage

2021-09-09 14:26:10,263 INFO [capacityManagement] end correct usage, cost: 0s

2021-09-09 14:36:10,229 WARN clearConfigHistory start

2021-09-09 14:36:10,272 INFO [capacityManagement] start correct usage

2021-09-09 14:36:10,275 INFO [capacityManagement] end correct usage, cost: 0s

2021-09-09 14:43:14,128 WARN HikariPool-1 - Thread starvation or clock leap detected (housekeeper delta=58s407ms).

2021-09-09 14:46:38,675 WARN clearConfigHistory start

2021-09-09 14:46:38,717 INFO [capacityManagement] start correct usage

2021-09-09 14:46:38,720 INFO [capacityManagement] end correct usage, cost: 0s

2021-09-09 14:56:38,677 WARN clearConfigHistory start

2021-09-09 14:56:38,719 INFO [capacityManagement] start correct usage

2021-09-09 14:56:38,722 INFO [capacityManagement] end correct usage, cost: 0s

2021-09-09 15:06:38,665 WARN clearConfigHistory start

2021-09-09 15:06:38,705 INFO [capacityManagement] start correct usage

2021-09-09 15:06:38,709 INFO [capacityManagement] end correct usage, cost: 0s

2021-09-09 15:16:38,651 WARN clearConfigHistory start

2021-09-09 15:16:38,693 INFO [capacityManagement] start correct usage

2021-09-09 15:16:38,696 INFO [capacityManagement] end correct usage, cost: 0s

2021-09-09 15:26:38,653 WARN clearConfigHistory start

2021-09-09 15:26:38,693 INFO [capacityManagement] start correct usage

2021-09-09 15:26:38,695 INFO [capacityManagement] end correct usage, cost: 0s

2021-09-09 15:36:38,717 WARN clearConfigHistory start

2021-09-09 15:36:38,752 INFO [capacityManagement] start correct usage

2021-09-09 15:36:38,754 INFO [capacityManagement] end correct usage, cost: 0s

2021-09-09 15:46:38,771 WARN clearConfigHistory start

2021-09-09 15:46:38,805 INFO [capacityManagement] start correct usage

2021-09-09 15:46:38,808 INFO [capacityManagement] end correct usage, cost: 0s

2021-09-09 15:56:38,789 WARN clearConfigHistory start

2021-09-09 15:56:38,821 INFO [capacityManagement] start correct usage

2021-09-09 15:56:38,823 INFO [capacityManagement] end correct usage, cost: 0s

2021-09-09 16:06:38,880 WARN clearConfigHistory start

2021-09-09 16:06:38,913 INFO [capacityManagement] start correct usage

2021-09-09 16:06:38,916 INFO [capacityManagement] end correct usage, cost: 0s

2021-09-09 16:16:38,886 WARN clearConfigHistory start

2021-09-09 16:16:38,918 INFO [capacityManagement] start correct usage

2021-09-09 16:16:38,922 INFO [capacityManagement] end correct usage, cost: 0s

2021-09-09 16:26:38,911 WARN clearConfigHistory start

2021-09-09 16:26:38,942 INFO [capacityManagement] start correct usage

2021-09-09 16:26:38,945 INFO [capacityManagement] end correct usage, cost: 0s

2021-09-09 16:36:38,921 WARN clearConfigHistory start

2021-09-09 16:36:38,952 INFO [capacityManagement] start correct usage

2021-09-09 16:36:38,955 INFO [capacityManagement] end correct usage, cost: 0s

2021-09-09 16:46:38,931 WARN clearConfigHistory start

2021-09-09 16:46:38,962 INFO [capacityManagement] start correct usage

2021-09-09 16:46:38,965 INFO [capacityManagement] end correct usage, cost: 0s

