2021-09-09 00:15:05,076 INFO PERFORMANCE:|4|4|28|16

2021-09-09 03:17:46,044 INFO PERFORMANCE:|4|4|-1|-1

2021-09-09 04:49:28,355 INFO PERFORMANCE:|4|4|21|11

2021-09-09 07:52:47,825 INFO PERFORMANCE:|4|4|-1|-1

2021-09-09 09:25:00,588 INFO PERFORMANCE:|4|4|-1|-1

2021-09-09 09:30:00,592 INFO PERFORMANCE:|4|4|-1|-1

2021-09-09 09:35:00,595 INFO PERFORMANCE:|4|4|-1|-1

2021-09-09 09:40:00,584 INFO PERFORMANCE:|4|4|-1|-1

2021-09-09 09:45:00,590 INFO PERFORMANCE:|4|4|-1|-1

2021-09-09 09:50:00,593 INFO PERFORMANCE:|4|4|-1|-1

2021-09-09 09:55:00,607 INFO PERFORMANCE:|4|4|-1|-1

2021-09-09 10:00:00,614 INFO PERFORMANCE:|4|4|-1|-1

2021-09-09 10:05:00,619 INFO PERFORMANCE:|4|4|-1|-1

2021-09-09 10:10:00,619 INFO PERFORMANCE:|4|4|-1|-1

2021-09-09 10:15:00,624 INFO PERFORMANCE:|4|4|-1|-1

2021-09-09 10:20:00,629 INFO PERFORMANCE:|4|4|-1|-1

2021-09-09 10:25:00,617 INFO PERFORMANCE:|4|4|-1|-1

2021-09-09 10:30:00,623 INFO PERFORMANCE:|4|4|-1|-1

2021-09-09 10:35:00,629 INFO PERFORMANCE:|4|4|-1|-1

2021-09-09 10:40:00,624 INFO PERFORMANCE:|4|4|-1|-1

2021-09-09 10:45:00,631 INFO PERFORMANCE:|4|4|-1|-1

2021-09-09 10:50:00,639 INFO PERFORMANCE:|4|4|-1|-1

2021-09-09 10:55:00,631 INFO PERFORMANCE:|4|4|-1|-1

2021-09-09 11:00:00,636 INFO PERFORMANCE:|4|4|-1|-1

2021-09-09 11:05:00,643 INFO PERFORMANCE:|4|4|-1|-1

2021-09-09 11:10:00,592 INFO PERFORMANCE:|4|4|-1|-1

2021-09-09 11:15:00,593 INFO PERFORMANCE:|4|4|-1|-1

2021-09-09 11:20:00,598 INFO PERFORMANCE:|4|4|-1|-1

2021-09-09 11:25:00,564 INFO PERFORMANCE:|4|4|-1|-1

2021-09-09 11:30:00,566 INFO PERFORMANCE:|4|4|-1|-1

2021-09-09 11:35:00,568 INFO PERFORMANCE:|4|4|-1|-1

2021-09-09 11:40:00,443 INFO PERFORMANCE:|4|4|-1|-1

2021-09-09 11:49:55,040 INFO PERFORMANCE:|4|4|-1|-1

2021-09-09 11:54:55,033 INFO PERFORMANCE:|4|4|-1|-1

2021-09-09 11:59:55,027 INFO PERFORMANCE:|4|4|-1|-1

2021-09-09 12:06:38,907 INFO PERFORMANCE:|4|4|-1|-1

2021-09-09 12:11:38,899 INFO PERFORMANCE:|4|4|-1|-1

2021-09-09 12:16:38,891 INFO PERFORMANCE:|4|4|-1|-1

2021-09-09 12:21:38,872 INFO PERFORMANCE:|4|4|-1|-1

2021-09-09 12:26:38,863 INFO PERFORMANCE:|4|4|-1|-1

2021-09-09 12:31:38,853 INFO PERFORMANCE:|4|4|-1|-1

2021-09-09 12:36:38,868 INFO PERFORMANCE:|4|4|-1|-1

2021-09-09 12:41:38,864 INFO PERFORMANCE:|4|4|-1|-1

2021-09-09 12:46:38,859 INFO PERFORMANCE:|4|4|-1|-1

2021-09-09 12:51:38,852 INFO PERFORMANCE:|4|4|-1|-1

2021-09-09 12:56:38,831 INFO PERFORMANCE:|4|4|-1|-1

2021-09-09 13:01:38,825 INFO PERFORMANCE:|4|4|-1|-1

2021-09-09 13:06:38,820 INFO PERFORMANCE:|4|4|-1|-1

2021-09-09 13:11:38,779 INFO PERFORMANCE:|4|4|-1|-1

2021-09-09 13:16:38,773 INFO PERFORMANCE:|4|4|-1|-1

2021-09-09 13:21:38,766 INFO PERFORMANCE:|4|4|-1|-1

2021-09-09 13:26:38,744 INFO PERFORMANCE:|4|4|-1|-1

2021-09-09 13:31:38,738 INFO PERFORMANCE:|4|4|-1|-1

2021-09-09 13:36:38,731 INFO PERFORMANCE:|4|4|-1|-1

2021-09-09 13:41:38,825 INFO PERFORMANCE:|4|4|-1|-1

2021-09-09 13:46:38,825 INFO PERFORMANCE:|4|4|-1|-1

2021-09-09 13:51:38,820 INFO PERFORMANCE:|4|4|-1|-1

2021-09-09 13:56:38,985 INFO PERFORMANCE:|4|4|-1|-1

2021-09-09 14:01:38,988 INFO PERFORMANCE:|4|4|-1|-1

2021-09-09 14:06:38,993 INFO PERFORMANCE:|4|4|-1|-1

2021-09-09 14:11:38,984 INFO PERFORMANCE:|4|4|-1|-1

2021-09-09 14:16:38,992 INFO PERFORMANCE:|4|4|-1|-1

2021-09-09 14:21:38,996 INFO PERFORMANCE:|4|4|-1|-1

2021-09-09 14:26:38,989 INFO PERFORMANCE:|4|4|-1|-1

2021-09-09 14:31:38,995 INFO PERFORMANCE:|4|4|-1|-1

2021-09-09 14:36:39,001 INFO PERFORMANCE:|4|4|-1|-1

2021-09-09 14:41:38,892 INFO PERFORMANCE:|4|4|-1|-1

2021-09-09 14:47:07,449 INFO PERFORMANCE:|4|4|-1|-1

2021-09-09 14:52:07,452 INFO PERFORMANCE:|4|4|-1|-1

2021-09-09 14:57:07,452 INFO PERFORMANCE:|4|4|-1|-1

2021-09-09 15:02:07,440 INFO PERFORMANCE:|4|4|-1|-1

2021-09-09 15:07:07,440 INFO PERFORMANCE:|4|4|-1|-1

2021-09-09 15:12:07,440 INFO PERFORMANCE:|4|4|-1|-1

2021-09-09 15:17:07,431 INFO PERFORMANCE:|4|4|-1|-1

2021-09-09 15:22:07,432 INFO PERFORMANCE:|4|4|-1|-1

2021-09-09 15:27:07,435 INFO PERFORMANCE:|4|4|-1|-1

2021-09-09 15:32:07,494 INFO PERFORMANCE:|4|4|-1|-1

2021-09-09 15:37:07,499 INFO PERFORMANCE:|4|4|-1|-1

2021-09-09 15:42:07,504 INFO PERFORMANCE:|4|4|-1|-1

2021-09-09 15:47:07,555 INFO PERFORMANCE:|4|4|-1|-1

2021-09-09 15:52:07,564 INFO PERFORMANCE:|4|4|-1|-1

2021-09-09 15:57:07,572 INFO PERFORMANCE:|4|4|-1|-1

2021-09-09 16:02:07,654 INFO PERFORMANCE:|4|4|-1|-1

2021-09-09 16:07:07,668 INFO PERFORMANCE:|4|3|-1|-1

2021-09-09 16:12:07,681 INFO PERFORMANCE:|4|3|-1|-1

2021-09-09 16:17:07,673 INFO PERFORMANCE:|3|3|-1|-1

2021-09-09 16:22:07,685 INFO PERFORMANCE:|3|3|-1|-1

2021-09-09 16:27:07,696 INFO PERFORMANCE:|3|3|-1|-1

2021-09-09 16:32:07,693 INFO PERFORMANCE:|3|3|-1|-1

2021-09-09 16:37:07,707 INFO PERFORMANCE:|3|3|-1|-1

2021-09-09 16:42:07,721 INFO PERFORMANCE:|3|3|-1|-1

2021-09-09 16:47:07,720 INFO PERFORMANCE:|3|3|-1|-1

