/Library/Java/JavaVirtualMachines/jdk1.8.0_201.jdk/Contents/Home/bin/java  -Xms512m -Xmx512m -Xmn256m -Dnacos.standalone=true -Dnacos.member.list= -Djava.ext.dirs=/Library/Java/JavaVirtualMachines/jdk1.8.0_201.jdk/Contents/Home/jre/lib/ext:/Library/Java/JavaVirtualMachines/jdk1.8.0_201.jdk/Contents/Home/lib/ext -Xloggc:/Users/admin/Downloads/nacos/logs/nacos_gc.log -verbose:gc -XX:+PrintGCDetails -XX:+PrintGCDateStamps -XX:+PrintGCTimeStamps -XX:+UseGCLogFileRotation -XX:NumberOfGCLogFiles=10 -XX:GCLogFileSize=100M -Dloader.path=/Users/admin/Downloads/nacos/plugins/health,/Users/admin/Downloads/nacos/plugins/cmdb -Dnacos.home=/Users/admin/Downloads/nacos -jar /Users/admin/Downloads/nacos/target/nacos-server.jar  --spring.config.location=classpath:/,classpath:/config/,file:./,file:./config/,file:/Users/admin/Downloads/nacos/conf/ --logging.config=/Users/admin/Downloads/nacos/conf/nacos-logback.xml --server.max-http-header-size=524288

         ,--.
       ,--.'|
   ,--,:  : |                                           Nacos 1.3.2
,`--.'`|  ' :                       ,---.               Running in stand alone mode, All function modules
|   :  :  | |                      '   ,'\   .--.--.    Port: 8848
:   |   \ | :  ,--.--.     ,---.  /   /   | /  /    '   Pid: 83478
|   : '  '; | /       \   /     \.   ; ,. :|  :  /`./   Console: http://10.242.18.32:8848/nacos/index.html
'   ' ;.    ;.--.  .-. | /    / ''   | |: :|  :  ;_
|   | | \   | \__\/: . ..    ' / '   | .; : \  \    `.      https://nacos.io
'   : |  ; .' ," .--.; |'   ; :__|   :    |  `----.   \
|   | '`--'  /  /  ,.  |'   | '.'|\   \  /  /  /`--'  /
'   : |     ;  :   .'   \   :    : `----'  '--'.     /
;   |.'     |  ,     .-./\   \  /            `--'---'
'---'        `--`---'     `----'

2021-09-08 11:13:05,992 INFO Bean 'org.springframework.security.config.annotation.configuration.ObjectPostProcessorConfiguration' of type [org.springframework.security.config.annotation.configuration.ObjectPostProcessorConfiguration$$EnhancerBySpringCGLIB$$d196fb3a] is not eligible for getting processed by all BeanPostProcessors (for example: not eligible for auto-proxying)

2021-09-08 11:13:06,102 INFO Bean 'objectPostProcessor' of type [org.springframework.security.config.annotation.configuration.AutowireBeanFactoryObjectPostProcessor] is not eligible for getting processed by all BeanPostProcessors (for example: not eligible for auto-proxying)

2021-09-08 11:13:06,106 INFO Bean 'org.springframework.security.access.expression.method.DefaultMethodSecurityExpressionHandler@4816278d' of type [org.springframework.security.access.expression.method.DefaultMethodSecurityExpressionHandler] is not eligible for getting processed by all BeanPostProcessors (for example: not eligible for auto-proxying)

2021-09-08 11:13:06,110 INFO Bean 'org.springframework.security.config.annotation.method.configuration.GlobalMethodSecurityConfiguration' of type [org.springframework.security.config.annotation.method.configuration.GlobalMethodSecurityConfiguration$$EnhancerBySpringCGLIB$$f66b9dec] is not eligible for getting processed by all BeanPostProcessors (for example: not eligible for auto-proxying)

2021-09-08 11:13:06,116 INFO Bean 'methodSecurityMetadataSource' of type [org.springframework.security.access.method.DelegatingMethodSecurityMetadataSource] is not eligible for getting processed by all BeanPostProcessors (for example: not eligible for auto-proxying)

2021-09-08 11:13:06,702 INFO Tomcat initialized with port(s): 8848 (http)

2021-09-08 11:13:06,946 INFO Root WebApplicationContext: initialization completed in 4609 ms

2021-09-08 11:13:10,053 INFO Initializing ExecutorService 'applicationTaskExecutor'

2021-09-08 11:13:10,370 INFO Adding welcome page: class path resource [static/index.html]

2021-09-08 11:13:10,964 INFO Creating filter chain: Ant [pattern='/**'], []

2021-09-08 11:13:11,030 INFO Creating filter chain: any request, [org.springframework.security.web.context.request.async.WebAsyncManagerIntegrationFilter@70fab835, org.springframework.security.web.context.SecurityContextPersistenceFilter@46074492, org.springframework.security.web.header.HeaderWriterFilter@37eeec90, org.springframework.security.web.csrf.CsrfFilter@114a85c2, org.springframework.security.web.authentication.logout.LogoutFilter@72b16078, org.springframework.security.web.savedrequest.RequestCacheAwareFilter@2c715e84, org.springframework.security.web.servletapi.SecurityContextHolderAwareRequestFilter@7caa550, org.springframework.security.web.authentication.AnonymousAuthenticationFilter@1b0a7baf, org.springframework.security.web.session.SessionManagementFilter@c9413d8, org.springframework.security.web.access.ExceptionTranslationFilter@cf65451]

2021-09-08 11:13:11,232 INFO Exposing 2 endpoint(s) beneath base path '/actuator'

2021-09-08 11:13:11,284 INFO Initializing ExecutorService 'taskScheduler'

2021-09-08 11:13:11,462 INFO Tomcat started on port(s): 8848 (http) with context path '/nacos'

2021-09-08 11:13:11,468 INFO Nacos Log files: /Users/admin/Downloads/nacos/logs

2021-09-08 11:13:11,472 INFO Nacos Log files: /Users/admin/Downloads/nacos/conf

2021-09-08 11:13:11,472 INFO Nacos Log files: /Users/admin/Downloads/nacos/data

2021-09-08 11:13:11,473 INFO Nacos started successfully in stand alone mode. use external storage

2021-09-08 11:13:16,852 INFO Initializing Servlet 'dispatcherServlet'

2021-09-08 11:13:16,873 INFO Completed initialization in 21 ms

